{"uuid":"19b442df-0ed5-42b3-9c6a-c29283239d7a","historyId":"831202b7a699389c96e03de5aa6b5a19","fullName":"executor_cucumber.Runner.runTest","labels":[{"name":"package","value":"executor_cucumber.Runner"},{"name":"testClass","value":"executor_cucumber.Runner"},{"name":"testMethod","value":"runTest"},{"name":"parentSuite","value":"Default suite"},{"name":"suite","value":"Default test"},{"name":"subSuite","value":"executor_cucumber.Runner"},{"name":"host","value":"DESKTOP-7D3TAMJ"},{"name":"thread","value":"9600@DESKTOP-7D3TAMJ.main(1)"}],"links":[],"name":"runTest","status":"broken","statusDetails":{"known":false,"muted":false,"flaky":false,"message":"java.lang.ClassCastException: class pagina.web.home.HomePage cannot be cast to class pagina.web.cadastro.CreateAccountPage (pagina.web.home.HomePage and pagina.web.cadastro.CreateAccountPage are in unnamed module of loader 'app')","trace":"cucumber.runtime.CucumberException: java.lang.ClassCastException: class pagina.web.home.HomePage cannot be cast to class pagina.web.cadastro.CreateAccountPage (pagina.web.home.HomePage and pagina.web.cadastro.CreateAccountPage are in unnamed module of loader 'app')\r\n\tat cucumber.api.testng.TestNGCucumberRunner.runCucumber(TestNGCucumberRunner.java:69)\r\n\tat executor_cucumber.Runner.runTest(Runner.java:40)\r\n\tat java.base/jdk.internal.reflect.NativeMethodAccessorImpl.invoke0(Native Method)\r\n\tat java.base/jdk.internal.reflect.NativeMethodAccessorImpl.invoke(NativeMethodAccessorImpl.java:62)\r\n\tat java.base/jdk.internal.reflect.DelegatingMethodAccessorImpl.invoke(DelegatingMethodAccessorImpl.java:43)\r\n\tat java.base/java.lang.reflect.Method.invoke(Method.java:564)\r\n\tat org.testng.internal.MethodInvocationHelper.invokeMethod(MethodInvocationHelper.java:132)\r\n\tat org.testng.internal.TestInvoker.invokeMethod(TestInvoker.java:599)\r\n\tat org.testng.internal.TestInvoker.invokeTestMethod(TestInvoker.java:174)\r\n\tat org.testng.internal.MethodRunner.runInSequence(MethodRunner.java:46)\r\n\tat org.testng.internal.TestInvoker$MethodInvocationAgent.invoke(TestInvoker.java:822)\r\n\tat org.testng.internal.TestInvoker.invokeTestMethods(TestInvoker.java:147)\r\n\tat org.testng.internal.TestMethodWorker.invokeTestMethods(TestMethodWorker.java:146)\r\n\tat org.testng.internal.TestMethodWorker.run(TestMethodWorker.java:128)\r\n\tat java.base/java.util.ArrayList.forEach(ArrayList.java:1511)\r\n\tat org.testng.TestRunner.privateRun(TestRunner.java:764)\r\n\tat org.testng.TestRunner.run(TestRunner.java:585)\r\n\tat org.testng.SuiteRunner.runTest(SuiteRunner.java:384)\r\n\tat org.testng.SuiteRunner.runSequentially(SuiteRunner.java:378)\r\n\tat org.testng.SuiteRunner.privateRun(SuiteRunner.java:337)\r\n\tat org.testng.SuiteRunner.run(SuiteRunner.java:286)\r\n\tat org.testng.SuiteRunnerWorker.runSuite(SuiteRunnerWorker.java:53)\r\n\tat org.testng.SuiteRunnerWorker.run(SuiteRunnerWorker.java:96)\r\n\tat org.testng.TestNG.runSuitesSequentially(TestNG.java:1218)\r\n\tat org.testng.TestNG.runSuitesLocally(TestNG.java:1140)\r\n\tat org.testng.TestNG.runSuites(TestNG.java:1069)\r\n\tat org.testng.TestNG.run(TestNG.java:1037)\r\n\tat org.testng.remote.AbstractRemoteTestNG.run(AbstractRemoteTestNG.java:115)\r\n\tat org.testng.remote.RemoteTestNG.initAndRun(RemoteTestNG.java:251)\r\n\tat org.testng.remote.RemoteTestNG.main(RemoteTestNG.java:77)\r\nCaused by: java.lang.ClassCastException: class pagina.web.home.HomePage cannot be cast to class pagina.web.cadastro.CreateAccountPage (pagina.web.home.HomePage and pagina.web.cadastro.CreateAccountPage are in unnamed module of loader 'app')\r\n\tat steps.AdicionarProdutoStep.informo_os_dados_enter_vehicle_data(AdicionarProdutoStep.java:36)\r\n\tat âœ½.E informo os dados enter vehicle data(src/test/java/features/CadastrarUsuario.feature:7)\r\n"},"stage":"finished","start":1624056501191,"stop":1624056511984,"parameters":[{"name":"arg0","value":"Cadastrar Usuario"}]}